2026-02-01 15:56:36,105 INFO: Starting main.py; argv=['.\\main.py']
2026-02-01 15:56:51,682 ERROR: Simulation failed: CellviewRef.__init__() takes from 1 to 4 positional arguments but 6 were given
Traceback (most recent call last):
  File "D:\Users\Administrator\Documents\GitHub\ADS_Python_SOA_Analyzer\gui\main_window.py", line 280, in on_run_simulation
    ds_path = run_simulation_task(workspace, lib, cell)
              ^^^^^^^^^^^^^^^^^^^^^^^^^^^^^^^^^^^^^^^^^
  File "D:\Users\Administrator\Documents\GitHub\ADS_Python_SOA_Analyzer\core\ads_sim.py", line 30, in run_simulation_task
    design = db.open_design(design_str)
             ^^^^^^^^^^^^^^^^^^^^^^^^^^
  File "D:\Users\Administrator\Documents\GitHub\ADS_Python_SOA_Analyzer\ads_venv\Lib\site-packages\keysight\ads\de\db_uu\_design.py", line 1124, in open_design
    view = CellviewRef.make(name).resolve()
           ^^^^^^^^^^^^^^^^^^^^^^
  File "D:\Users\Administrator\Documents\GitHub\ADS_Python_SOA_Analyzer\ads_venv\Lib\site-packages\keysight\ads\de\_core\cellviewref.py", line 234, in make
    return CellviewRef(*parts)
           ^^^^^^^^^^^^^^^^^^^
TypeError: CellviewRef.__init__() takes from 1 to 4 positional arguments but 6 were given
2026-02-01 15:59:23,294 INFO: Starting main.py; argv=['.\\main.py']
2026-02-01 16:02:37,454 INFO: Starting main.py; argv=['.\\main.py']
2026-02-01 16:19:51,871 INFO: Starting main.py; argv=['.\\main.py']
2026-02-01 16:41:59,160 INFO: Starting main.py; argv=['.\\main.py']
2026-02-01 16:51:30,981 INFO: Starting main.py; argv=['.\\main.py']
2026-02-01 16:59:53,618 INFO: Starting main.py; argv=['.\\main.py']
2026-02-01 17:02:49,451 INFO: Starting main.py; argv=['D:\\Users\\Administrator\\Documents\\GitHub\\ADS_Python_SOA_Analyzer\\main.py', 'ADS_Python_Tutorials_lib:cell_1:schematic', 'C:\\Users\\Administrator\\ADS\\ADS_Python_Tutorials_wrk']
2026-02-01 17:02:50,734 ERROR: Simulation failed: The "view" argument must be specified.
Traceback (most recent call last):
  File "D:\Users\Administrator\Documents\GitHub\ADS_Python_SOA_Analyzer\main.py", line 51, in _background_run
    ds_path = run_simulation_task(workspace, lib, cell)
              ^^^^^^^^^^^^^^^^^^^^^^^^^^^^^^^^^^^^^^^^^
  File "D:\Users\Administrator\Documents\GitHub\ADS_Python_SOA_Analyzer\core\ads_sim.py", line 30, in run_simulation_task
    design = db.open_design(design_name)
             ^^^^^^^^^^^^^^^^^^^^^^^^^^^
  File "C:\Program Files\Keysight\ADS2025_Update2\tools\python\packages\keysight\ads\de\db_uu\_design.py", line 1124, in open_design
    view = CellviewRef.make(name).resolve()
           ^^^^^^^^^^^^^^^^^^^^^^
  File "C:\Program Files\Keysight\ADS2025_Update2\tools\python\packages\keysight\ads\de\_core\cellviewref.py", line 234, in make
    return CellviewRef(*parts)
           ^^^^^^^^^^^^^^^^^^^
  File "C:\Program Files\Keysight\ADS2025_Update2\tools\python\packages\keysight\ads\de\_core\cellviewref.py", line 78, in __init__
    raise TypeError('The "view" argument must be specified.')
TypeError: The "view" argument must be specified.
2026-02-01 17:12:29,932 INFO: Starting main.py; argv=['D:\\Users\\Administrator\\Documents\\GitHub\\ADS_Python_SOA_Analyzer\\main.py', 'ADS_Python_Tutorials_lib:cell_1:schematic', 'C:\\Users\\Administrator\\ADS\\ADS_Python_Tutorials_wrk']
2026-02-01 17:12:31,206 ERROR: Simulation failed: The "view" argument must be specified.
Traceback (most recent call last):
  File "D:\Users\Administrator\Documents\GitHub\ADS_Python_SOA_Analyzer\main.py", line 51, in _background_run
    ds_path = run_simulation_task(workspace, lib, cell)
              ^^^^^^^^^^^^^^^^^^^^^^^^^^^^^^^^^^^^^^^^^
  File "D:\Users\Administrator\Documents\GitHub\ADS_Python_SOA_Analyzer\core\ads_sim.py", line 30, in run_simulation_task
    design = db.open_design(design_name)
             ^^^^^^^^^^^^^^^^^^^^^^^^^^^
  File "C:\Program Files\Keysight\ADS2025_Update2\tools\python\packages\keysight\ads\de\db_uu\_design.py", line 1124, in open_design
    view = CellviewRef.make(name).resolve()
           ^^^^^^^^^^^^^^^^^^^^^^
  File "C:\Program Files\Keysight\ADS2025_Update2\tools\python\packages\keysight\ads\de\_core\cellviewref.py", line 234, in make
    return CellviewRef(*parts)
           ^^^^^^^^^^^^^^^^^^^
  File "C:\Program Files\Keysight\ADS2025_Update2\tools\python\packages\keysight\ads\de\_core\cellviewref.py", line 78, in __init__
    raise TypeError('The "view" argument must be specified.')
TypeError: The "view" argument must be specified.
2026-02-01 17:13:03,218 INFO: Starting main.py; argv=['D:\\Users\\Administrator\\Documents\\GitHub\\ADS_Python_SOA_Analyzer\\main.py', 'ADS_Python_Tutorials_lib:cell_1:schematic', 'C:\\Users\\Administrator\\ADS\\ADS_Python_Tutorials_wrk']
2026-02-01 17:13:04,253 ERROR: Simulation failed: The "view" argument must be specified.
Traceback (most recent call last):
  File "D:\Users\Administrator\Documents\GitHub\ADS_Python_SOA_Analyzer\main.py", line 51, in _background_run
    ds_path = run_simulation_task(workspace, lib, cell)
              ^^^^^^^^^^^^^^^^^^^^^^^^^^^^^^^^^^^^^^^^^
  File "D:\Users\Administrator\Documents\GitHub\ADS_Python_SOA_Analyzer\core\ads_sim.py", line 30, in run_simulation_task
    design = db.open_design(design_name)
             ^^^^^^^^^^^^^^^^^^^^^^^^^^^
  File "C:\Program Files\Keysight\ADS2025_Update2\tools\python\packages\keysight\ads\de\db_uu\_design.py", line 1124, in open_design
    view = CellviewRef.make(name).resolve()
           ^^^^^^^^^^^^^^^^^^^^^^
  File "C:\Program Files\Keysight\ADS2025_Update2\tools\python\packages\keysight\ads\de\_core\cellviewref.py", line 234, in make
    return CellviewRef(*parts)
           ^^^^^^^^^^^^^^^^^^^
  File "C:\Program Files\Keysight\ADS2025_Update2\tools\python\packages\keysight\ads\de\_core\cellviewref.py", line 78, in __init__
    raise TypeError('The "view" argument must be specified.')
TypeError: The "view" argument must be specified.
2026-02-01 17:17:57,781 INFO: Starting main.py; argv=['D:\\Users\\Administrator\\Documents\\GitHub\\ADS_Python_SOA_Analyzer\\main.py', 'ADS_Python_Tutorials_lib:cell_1:schematic', 'C:\\Users\\Administrator\\ADS\\ADS_Python_Tutorials_wrk']
2026-02-01 17:17:58,814 ERROR: Simulation failed: The "view" argument must be specified.
Traceback (most recent call last):
  File "D:\Users\Administrator\Documents\GitHub\ADS_Python_SOA_Analyzer\main.py", line 51, in _background_run
    ds_path = run_simulation_task(workspace, lib, cell)
              ^^^^^^^^^^^^^^^^^^^^^^^^^^^^^^^^^^^^^^^^^
  File "D:\Users\Administrator\Documents\GitHub\ADS_Python_SOA_Analyzer\core\ads_sim.py", line 30, in run_simulation_task
    design = db.open_design(design_name)
             ^^^^^^^^^^^^^^^^^^^^^^^^^^^
  File "C:\Program Files\Keysight\ADS2025_Update2\tools\python\packages\keysight\ads\de\db_uu\_design.py", line 1124, in open_design
    view = CellviewRef.make(name).resolve()
           ^^^^^^^^^^^^^^^^^^^^^^
  File "C:\Program Files\Keysight\ADS2025_Update2\tools\python\packages\keysight\ads\de\_core\cellviewref.py", line 234, in make
    return CellviewRef(*parts)
           ^^^^^^^^^^^^^^^^^^^
  File "C:\Program Files\Keysight\ADS2025_Update2\tools\python\packages\keysight\ads\de\_core\cellviewref.py", line 78, in __init__
    raise TypeError('The "view" argument must be specified.')
TypeError: The "view" argument must be specified.
2026-02-01 17:19:54,059 INFO: Starting main.py; argv=['D:\\Users\\Administrator\\Documents\\GitHub\\ADS_Python_SOA_Analyzer\\main.py', 'ADS_Python_Tutorials_lib:cell_2:schematic', 'C:\\Users\\Administrator\\ADS\\ADS_Python_Tutorials_wrk']
2026-02-01 17:19:55,070 ERROR: Simulation failed: The "view" argument must be specified.
Traceback (most recent call last):
  File "D:\Users\Administrator\Documents\GitHub\ADS_Python_SOA_Analyzer\main.py", line 51, in _background_run
    ds_path = run_simulation_task(workspace, lib, cell)
              ^^^^^^^^^^^^^^^^^^^^^^^^^^^^^^^^^^^^^^^^^
  File "D:\Users\Administrator\Documents\GitHub\ADS_Python_SOA_Analyzer\core\ads_sim.py", line 30, in run_simulation_task
    design = db.open_design(design_name)
             ^^^^^^^^^^^^^^^^^^^^^^^^^^^
  File "C:\Program Files\Keysight\ADS2025_Update2\tools\python\packages\keysight\ads\de\db_uu\_design.py", line 1124, in open_design
    view = CellviewRef.make(name).resolve()
           ^^^^^^^^^^^^^^^^^^^^^^
  File "C:\Program Files\Keysight\ADS2025_Update2\tools\python\packages\keysight\ads\de\_core\cellviewref.py", line 234, in make
    return CellviewRef(*parts)
           ^^^^^^^^^^^^^^^^^^^
  File "C:\Program Files\Keysight\ADS2025_Update2\tools\python\packages\keysight\ads\de\_core\cellviewref.py", line 78, in __init__
    raise TypeError('The "view" argument must be specified.')
TypeError: The "view" argument must be specified.
2026-02-01 17:25:35,421 INFO: Starting main.py; argv=['D:\\Users\\Administrator\\Documents\\GitHub\\ADS_Python_SOA_Analyzer\\main.py', 'ADS_Python_Tutorials_lib:cell_2:schematic', 'C:\\Users\\Administrator\\ADS\\ADS_Python_Tutorials_wrk']
2026-02-01 17:25:36,423 ERROR: Simulation failed: The "view" argument must be specified.
Traceback (most recent call last):
  File "D:\Users\Administrator\Documents\GitHub\ADS_Python_SOA_Analyzer\main.py", line 51, in _background_run
    ds_path = run_simulation_task(workspace, lib, cell)
              ^^^^^^^^^^^^^^^^^^^^^^^^^^^^^^^^^^^^^^^^^
  File "D:\Users\Administrator\Documents\GitHub\ADS_Python_SOA_Analyzer\core\ads_sim.py", line 30, in run_simulation_task
    design = db.open_design(design_name)
             ^^^^^^^^^^^^^^^^^^^^^^^^^^^
  File "C:\Program Files\Keysight\ADS2025_Update2\tools\python\packages\keysight\ads\de\db_uu\_design.py", line 1124, in open_design
    view = CellviewRef.make(name).resolve()
           ^^^^^^^^^^^^^^^^^^^^^^
  File "C:\Program Files\Keysight\ADS2025_Update2\tools\python\packages\keysight\ads\de\_core\cellviewref.py", line 234, in make
    return CellviewRef(*parts)
           ^^^^^^^^^^^^^^^^^^^
  File "C:\Program Files\Keysight\ADS2025_Update2\tools\python\packages\keysight\ads\de\_core\cellviewref.py", line 78, in __init__
    raise TypeError('The "view" argument must be specified.')
TypeError: The "view" argument must be specified.
2026-02-01 17:42:44,041 INFO: Starting main.py; argv=['D:\\Users\\Administrator\\Documents\\GitHub\\ADS_Python_SOA_Analyzer\\main.py', 'ADS_Python_Tutorials_lib:cell_2:schematic', 'C:\\Users\\Administrator\\ADS\\ADS_Python_Tutorials_wrk']
2026-02-01 17:42:45,200 ERROR: Simulation failed: The "view" argument must be specified.
Traceback (most recent call last):
  File "D:\Users\Administrator\Documents\GitHub\ADS_Python_SOA_Analyzer\main.py", line 51, in _background_run
    ds_path = run_simulation_task(workspace, lib, cell)
              ^^^^^^^^^^^^^^^^^^^^^^^^^^^^^^^^^^^^^^^^^
  File "D:\Users\Administrator\Documents\GitHub\ADS_Python_SOA_Analyzer\core\ads_sim.py", line 30, in run_simulation_task
    design = db.open_design(design_name)
             ^^^^^^^^^^^^^^^^^^^^^^^^^^^
  File "C:\Program Files\Keysight\ADS2025_Update2\tools\python\packages\keysight\ads\de\db_uu\_design.py", line 1124, in open_design
    view = CellviewRef.make(name).resolve()
           ^^^^^^^^^^^^^^^^^^^^^^
  File "C:\Program Files\Keysight\ADS2025_Update2\tools\python\packages\keysight\ads\de\_core\cellviewref.py", line 234, in make
    return CellviewRef(*parts)
           ^^^^^^^^^^^^^^^^^^^
  File "C:\Program Files\Keysight\ADS2025_Update2\tools\python\packages\keysight\ads\de\_core\cellviewref.py", line 78, in __init__
    raise TypeError('The "view" argument must be specified.')
TypeError: The "view" argument must be specified.
2026-02-01 17:43:24,134 INFO: Starting main.py; argv=['D:\\Users\\Administrator\\Documents\\GitHub\\ADS_Python_SOA_Analyzer\\main.py', 'ADS_Python_Tutorials_lib:cell_3:schematic', 'C:\\Users\\Administrator\\ADS\\ADS_Python_Tutorials_wrk']
2026-02-01 17:43:25,151 ERROR: Simulation failed: The "view" argument must be specified.
Traceback (most recent call last):
  File "D:\Users\Administrator\Documents\GitHub\ADS_Python_SOA_Analyzer\main.py", line 51, in _background_run
    ds_path = run_simulation_task(workspace, lib, cell)
              ^^^^^^^^^^^^^^^^^^^^^^^^^^^^^^^^^^^^^^^^^
  File "D:\Users\Administrator\Documents\GitHub\ADS_Python_SOA_Analyzer\core\ads_sim.py", line 30, in run_simulation_task
    design = db.open_design(design_name)
             ^^^^^^^^^^^^^^^^^^^^^^^^^^^
  File "C:\Program Files\Keysight\ADS2025_Update2\tools\python\packages\keysight\ads\de\db_uu\_design.py", line 1124, in open_design
    view = CellviewRef.make(name).resolve()
           ^^^^^^^^^^^^^^^^^^^^^^
  File "C:\Program Files\Keysight\ADS2025_Update2\tools\python\packages\keysight\ads\de\_core\cellviewref.py", line 234, in make
    return CellviewRef(*parts)
           ^^^^^^^^^^^^^^^^^^^
  File "C:\Program Files\Keysight\ADS2025_Update2\tools\python\packages\keysight\ads\de\_core\cellviewref.py", line 78, in __init__
    raise TypeError('The "view" argument must be specified.')
TypeError: The "view" argument must be specified.
2026-02-01 18:06:18,664 INFO: Starting main.py; argv=['D:\\Users\\Administrator\\Documents\\GitHub\\ADS_Python_SOA_Analyzer\\main.py', 'ADS_Python_Tutorials_lib:cell_3:schematic', 'C:\\Users\\Administrator\\ADS\\ADS_Python_Tutorials_wrk']
2026-02-01 18:06:19,832 ERROR: Simulation failed: The "view" argument must be specified.
Traceback (most recent call last):
  File "D:\Users\Administrator\Documents\GitHub\ADS_Python_SOA_Analyzer\main.py", line 51, in _background_run
    ds_path = run_simulation_task(workspace, lib, cell)
              ^^^^^^^^^^^^^^^^^^^^^^^^^^^^^^^^^^^^^^^^^
  File "D:\Users\Administrator\Documents\GitHub\ADS_Python_SOA_Analyzer\core\ads_sim.py", line 30, in run_simulation_task
    design = db.open_design(design_name)
             ^^^^^^^^^^^^^^^^^^^^^^^^^^^
  File "C:\Program Files\Keysight\ADS2025_Update2\tools\python\packages\keysight\ads\de\db_uu\_design.py", line 1124, in open_design
    view = CellviewRef.make(name).resolve()
           ^^^^^^^^^^^^^^^^^^^^^^
  File "C:\Program Files\Keysight\ADS2025_Update2\tools\python\packages\keysight\ads\de\_core\cellviewref.py", line 234, in make
    return CellviewRef(*parts)
           ^^^^^^^^^^^^^^^^^^^
  File "C:\Program Files\Keysight\ADS2025_Update2\tools\python\packages\keysight\ads\de\_core\cellviewref.py", line 78, in __init__
    raise TypeError('The "view" argument must be specified.')
TypeError: The "view" argument must be specified.
2026-02-02 10:06:10,337 INFO: Starting main.py; argv=['.\\main.py']
2026-02-02 10:06:29,216 INFO: Starting main.py; argv=['.\\main.py']
2026-02-02 10:24:32,062 INFO: Starting main.py; argv=['.\\main.py']
